<?xml version="1.0" encoding="UTF-8"?>
<!-- Generated by org.testng.reporters.JUnitReportReporter -->
<testsuite skipped="0" hostname="DESKTOP-03CSD6F" name="Mavenrahulsheetydemo.Mavenjava.AppiumTest" tests="2" failures="0" timestamp="2020-06-02T10:29:23 CDT" time="0.001" errors="0">
  <testcase name="NativeAppAndroid" time="0.001" classname="Mavenrahulsheetydemo.Mavenjava.AppiumTest"/>
  <system-out/>
  <testcase name="iOSApp" time="0.000" classname="Mavenrahulsheetydemo.Mavenjava.AppiumTest"/>
  <system-out/>
</testsuite> <!-- Mavenrahulsheetydemo.Mavenjava.AppiumTest -->
