<?xml version="1.0" encoding="UTF-8"?>
<!-- Generated by org.testng.reporters.JUnitReportReporter -->
<testsuite skipped="0" hostname="DESKTOP-03CSD6F" name="Mavenrahulsheetydemo.Mavenjava.SeleniumTest" tests="2" failures="0" timestamp="2020-06-02T10:30:03 CDT" time="0.002" errors="0">
  <testcase name="BrowserAutomation" time="0.001" classname="Mavenrahulsheetydemo.Mavenjava.SeleniumTest"/>
  <system-out/>
  <testcase name="elementsUI" time="0.001" classname="Mavenrahulsheetydemo.Mavenjava.SeleniumTest"/>
  <system-out/>
</testsuite> <!-- Mavenrahulsheetydemo.Mavenjava.SeleniumTest -->
