<?xml version="1.0" encoding="UTF-8"?>
<!-- Generated by org.testng.reporters.JUnitReportReporter -->
<testsuite skipped="0" hostname="DESKTOP-03CSD6F" name="Mavenrahulsheetydemo.Mavenjava.ApiTest" tests="2" failures="0" timestamp="2020-06-02T10:30:03 CDT" time="0.006" errors="0">
  <testcase name="deleteTwitter" time="0.005" classname="Mavenrahulsheetydemo.Mavenjava.ApiTest"/>
  <system-out/>
  <testcase name="postJira" time="0.001" classname="Mavenrahulsheetydemo.Mavenjava.ApiTest"/>
  <system-out/>
</testsuite> <!-- Mavenrahulsheetydemo.Mavenjava.ApiTest -->
